=============== Index Docs =============
index file: ../data/doc
write file: ../output/doc_wids.txt
n(w)=101961
write:../output/voca.txt
=============== Topic Learning =============
make: Entering directory '/home/yangcx/EUHTM/src'
make: Nothing to be done for 'all'.
make: Leaving directory '/home/yangcx/EUHTM/src'
../src/btm est 20 101961 0.25 0.005 0.5 1000 300 ../output/doc_wids.txt ../output/model/ ../data/user ../data/ht
Run BTM, K=20, W=101961, alpha=0.25, beta=0.005, n_iter=1000, save_step=300 ====
load docs: ../output/doc_wids.txt
after load doc
runExample.sh: line 35: 31161 Killed                  ../src/btm est $K $W $alpha $beta $sigma $niter $save_step $dwid_pt $model_dir $doc_user $doc_ht
================ Infer P(z|d)===============
../src/btm inf sum_b 20 ../output/doc_wids.txt ../output/model/
terminate called after throwing an instance of 'std::logic_error'
  what():  basic_string::_S_construct null not valid
runExample.sh: line 40: 31162 Aborted                 ../src/btm inf sum_b $K $dwid_pt $model_dir
================ Topic Display =============
K:20, n(W):101961
p(z)		Top words
0.119925	红包:0.049282 飞:0.023981 活动:0.019081 手机:0.017206 月:0.013540 机会:0.013000 大奖:0.012630 日:0.011835 好友:0.010929 新年:0.010602
0.108376	地址:0.018589 活动:0.016858 红包:0.016360 机会:0.015943 关注:0.011850 飞:0.009249 新年:0.008718 好友:0.008360 月:0.008264 参与:0.007307
0.078952	年:0.009810 歌手:0.007027 中国:0.006899 游戏:0.005699 百威:0.005628 北京:0.005496 月:0.005243 回家:0.005004 更:0.005003 电影:0.004706
0.076584	哈哈哈:0.032205 春晚:0.011537 哈哈哈哈:0.010539 说:0.006342 鹿晗:0.005889 新年快乐:0.004447 李敏:0.004006 镐:0.003980 啊啊啊:0.003653 转:0.003468
0.071391	春节:0.008358 年:0.007762 过年:0.007125 平安:0.006528 春运:0.006274 提示:0.006219 交警:0.005889 提醒:0.005689 公安:0.005662 微:0.005395
0.055917	春晚:0.067535 春节:0.016773 马年:0.011640 北京:0.010761 联欢晚会:0.010142 央视:0.009695 红包:0.009673 爱:0.009158 节目:0.008280 年:0.006846
0.047826	地址:0.009894 年:0.006676 春节:0.006276 回家:0.006027 关注:0.005597 父母:0.005420 马年:0.005379 幸福:0.004265 新:0.004257 味道:0.004228
0.042120	百度:0.011706 月:0.009338 日:0.007892 新闻:0.007259 机会:0.007035 新年:0.006823 凤凰:0.006516 爱:0.006123 分享:0.006031 客户端:0.005847
0.038245	中:0.005190 说:0.004390 月:0.004102 请:0.003601 年:0.003226 日:0.002796 北京:0.002627 走:0.002619 猫:0.002401 春节:0.002384
0.038014	张杰:0.005860 创意:0.005047 中:0.004188 歌手:0.003413 生活:0.003314 健康:0.003166 教育:0.003106 律师:0.003030 时:0.002872 日:0.002766
0.037103	红包:0.005024 飞:0.004832 月:0.003961 宝贝:0.003753 日:0.003654 购买:0.003455 年:0.003355 中:0.002638 爱:0.002537 工具:0.002499
0.036146	白羊座:0.047978 祝福:0.026485 春天:0.021982 激情:0.021042 人生:0.019629 日:0.018989 达:0.018559 生日快乐:0.015721 祝:0.013894 表现:0.012413
0.036133	爸爸:0.007901 中国:0.006567 公寓:0.005461 爱辣:0.005398 爱:0.004819 胡门:0.004579 年:0.004555 请:0.003939 女人:0.003776 月:0.003465
0.035522	元:0.024776 黄金:0.012440 现货:0.011607 价值:0.011492 白银:0.011200 仅售:0.010131 免费:0.008569 歌手:0.005876 单:0.005761 生命:0.005569
0.033736	红包:0.011396 飞:0.009126 中国:0.008168 浙江:0.007164 前任:0.005870 卫视:0.005859 攻略:0.005218 律师:0.005065 中:0.004961 希望:0.004577
0.033068	马年:0.006355 话:0.006246 父母:0.005706 回家:0.005180 吃:0.004547 中:0.004443 说:0.004412 关注:0.004094 一句:0.003677 美食:0.003621
0.030098	李娜:0.016264 澳网:0.010677 加油:0.010461 红包:0.007195 欧豪:0.006752 飞:0.006177 月:0.006123 元:0.004743 中国:0.004556 分享:0.004516
0.028697	新闻:0.008775 客户端:0.008721 月:0.006133 网易:0.006114 红包:0.004994 日:0.004898 金秀贤:0.004144 无休:0.004029 分享:0.003825 佛性:0.003817
0.028011	列车:0.013606 月:0.009017 日:0.008919 年:0.008130 关注:0.007184 余票:0.006872 发布:0.006258 铁路:0.006165 信息:0.006160 微信:0.006033
0.024138	玩:0.017907 元:0.016157 更:0.015137 快来:0.014264 开启:0.014014 刚刚:0.013572 价值:0.013083 链接:0.012603 玩吧:0.012276 新服:0.011445
=============== Index Docs =============
index file: ../data/doc
write file: ../output/doc_wids.txt
n(w)=101961
write:../output/voca.txt
=============== Topic Learning =============
make: Entering directory '/home/yangcx/EUHTM/src'
make: Nothing to be done for 'all'.
make: Leaving directory '/home/yangcx/EUHTM/src'
../src/btm est 20 101961 0.25 0.005 0.5 1000 300 ../output/doc_wids.txt ../output/model/ ../data/user ../data/ht
Run BTM, K=20, W=101961, alpha=0.25, beta=0.005, n_iter=1000, save_step=300 ====
load docs: ../output/doc_wids.txt
after load doc
user num:4375 hashtag num:4602model init done
Begin iteration
iter 1/1000iter 2/1000iter 3/1000iter 4/1000iter 5/1000iter 6/1000iter 7/1000iter 8/1000iter 9/1000iter 10/1000iter 11/1000iter 12/1000iter 13/1000iter 14/1000iter 15/1000iter 16/1000